{"/Users/dhd/Desktop/Practice/Test-main/task/src/App.tsx": {"path":"/Users/dhd/Desktop/Practice/Test-main/task/src/App.tsx","all":false,"statementMap":{"0":{"start":{"line":1,"column":0},"end":{"line":1,"column":44}},"5":{"start":{"line":6,"column":0},"end":{"line":6,"column":31}},"7":{"start":{"line":8,"column":0},"end":{"line":8,"column":45}},"8":{"start":{"line":9,"column":0},"end":{"line":9,"column":47}},"9":{"start":{"line":10,"column":0},"end":{"line":10,"column":58}},"12":{"start":{"line":13,"column":0},"end":{"line":13,"column":19}},"14":{"start":{"line":15,"column":0},"end":{"line":15,"column":35}},"15":{"start":{"line":16,"column":0},"end":{"line":16,"column":11}},"17":{"start":{"line":18,"column":0},"end":{"line":18,"column":72}},"18":{"start":{"line":19,"column":0},"end":{"line":19,"column":27}},"20":{"start":{"line":21,"column":0},"end":{"line":21,"column":50}},"21":{"start":{"line":22,"column":0},"end":{"line":22,"column":9}},"23":{"start":{"line":24,"column":0},"end":{"line":24,"column":43}},"25":{"start":{"line":26,"column":0},"end":{"line":26,"column":25}},"26":{"start":{"line":27,"column":0},"end":{"line":27,"column":21}},"28":{"start":{"line":29,"column":0},"end":{"line":29,"column":78}},"29":{"start":{"line":30,"column":0},"end":{"line":30,"column":17}},"31":{"start":{"line":32,"column":0},"end":{"line":32,"column":26}},"32":{"start":{"line":33,"column":0},"end":{"line":33,"column":7}},"33":{"start":{"line":34,"column":0},"end":{"line":34,"column":6}},"36":{"start":{"line":37,"column":0},"end":{"line":37,"column":16}},"37":{"start":{"line":38,"column":0},"end":{"line":38,"column":9}},"40":{"start":{"line":41,"column":0},"end":{"line":41,"column":14}},"42":{"start":{"line":43,"column":0},"end":{"line":43,"column":12}},"43":{"start":{"line":44,"column":0},"end":{"line":44,"column":77}},"45":{"start":{"line":46,"column":0},"end":{"line":46,"column":3}},"48":{"start":{"line":49,"column":0},"end":{"line":49,"column":10}},"49":{"start":{"line":50,"column":0},"end":{"line":50,"column":85}},"50":{"start":{"line":51,"column":0},"end":{"line":51,"column":120}},"52":{"start":{"line":53,"column":0},"end":{"line":53,"column":60}},"54":{"start":{"line":55,"column":0},"end":{"line":55,"column":61}},"55":{"start":{"line":56,"column":0},"end":{"line":56,"column":13}},"56":{"start":{"line":57,"column":0},"end":{"line":57,"column":10}},"58":{"start":{"line":59,"column":0},"end":{"line":59,"column":1}}},"s":{"0":1,"5":10,"7":10,"8":10,"9":10,"12":10,"14":5,"15":5,"17":5,"18":5,"20":2,"21":2,"23":2,"25":2,"26":5,"28":3,"29":5,"31":5,"32":5,"33":5,"36":5,"37":10,"40":10,"42":3,"43":3,"45":3,"48":7,"49":7,"50":7,"52":7,"54":7,"55":7,"56":7,"58":7},"branchMap":{"0":{"type":"branch","line":6,"loc":{"start":{"line":6,"column":0},"end":{"line":59,"column":1}},"locations":[{"start":{"line":6,"column":0},"end":{"line":59,"column":1}}]},"1":{"type":"branch","line":41,"loc":{"start":{"line":41,"column":13},"end":{"line":46,"column":3}},"locations":[{"start":{"line":41,"column":13},"end":{"line":46,"column":3}}]},"2":{"type":"branch","line":46,"loc":{"start":{"line":46,"column":2},"end":{"line":59,"column":1}},"locations":[{"start":{"line":46,"column":2},"end":{"line":59,"column":1}}]},"3":{"type":"branch","line":13,"loc":{"start":{"line":13,"column":12},"end":{"line":38,"column":5}},"locations":[{"start":{"line":13,"column":12},"end":{"line":38,"column":5}}]},"4":{"type":"branch","line":15,"loc":{"start":{"line":15,"column":22},"end":{"line":34,"column":6}},"locations":[{"start":{"line":15,"column":22},"end":{"line":34,"column":6}}]},"5":{"type":"branch","line":18,"loc":{"start":{"line":18,"column":70},"end":{"line":19,"column":26}},"locations":[{"start":{"line":18,"column":70},"end":{"line":19,"column":26}}]},"6":{"type":"branch","line":19,"loc":{"start":{"line":19,"column":26},"end":{"line":27,"column":15}},"locations":[{"start":{"line":19,"column":26},"end":{"line":27,"column":15}}]},"7":{"type":"branch","line":27,"loc":{"start":{"line":27,"column":6},"end":{"line":30,"column":8}},"locations":[{"start":{"line":27,"column":6},"end":{"line":30,"column":8}}]},"8":{"type":"branch","line":29,"loc":{"start":{"line":29,"column":32},"end":{"line":29,"column":54}},"locations":[{"start":{"line":29,"column":32},"end":{"line":29,"column":54}}]},"9":{"type":"branch","line":29,"loc":{"start":{"line":29,"column":44},"end":{"line":29,"column":76}},"locations":[{"start":{"line":29,"column":44},"end":{"line":29,"column":76}}]},"10":{"type":"branch","line":44,"loc":{"start":{"line":44,"column":43},"end":{"line":44,"column":75}},"locations":[{"start":{"line":44,"column":43},"end":{"line":44,"column":75}}]}},"b":{"0":[10],"1":[3],"2":[7],"3":[5],"4":[5],"5":[4],"6":[2],"7":[3],"8":[2],"9":[1],"10":[1]},"fnMap":{"0":{"name":"App","decl":{"start":{"line":6,"column":0},"end":{"line":59,"column":1}},"loc":{"start":{"line":6,"column":0},"end":{"line":59,"column":1}},"line":6},"1":{"name":"fetchData","decl":{"start":{"line":15,"column":22},"end":{"line":34,"column":6}},"loc":{"start":{"line":15,"column":22},"end":{"line":34,"column":6}},"line":15},"2":{"name":"onRetry","decl":{"start":{"line":44,"column":43},"end":{"line":44,"column":75}},"loc":{"start":{"line":44,"column":43},"end":{"line":44,"column":75}},"line":44}},"f":{"0":10,"1":5,"2":1}}
,"/Users/dhd/Desktop/Practice/Test-main/task/src/components/ErrorDisplay/ErrorDisplay.tsx": {"path":"/Users/dhd/Desktop/Practice/Test-main/task/src/components/ErrorDisplay/ErrorDisplay.tsx","all":false,"statementMap":{"0":{"start":{"line":1,"column":0},"end":{"line":1,"column":29}},"5":{"start":{"line":6,"column":0},"end":{"line":6,"column":75}},"6":{"start":{"line":7,"column":0},"end":{"line":7,"column":65}},"7":{"start":{"line":8,"column":0},"end":{"line":8,"column":37}},"8":{"start":{"line":9,"column":0},"end":{"line":9,"column":59}},"9":{"start":{"line":10,"column":0},"end":{"line":10,"column":13}},"10":{"start":{"line":11,"column":0},"end":{"line":11,"column":25}},"11":{"start":{"line":12,"column":0},"end":{"line":12,"column":86}},"12":{"start":{"line":13,"column":0},"end":{"line":13,"column":7}},"14":{"start":{"line":15,"column":0},"end":{"line":15,"column":15}},"15":{"start":{"line":16,"column":0},"end":{"line":16,"column":10}},"16":{"start":{"line":17,"column":0},"end":{"line":17,"column":8}},"19":{"start":{"line":20,"column":0},"end":{"line":20,"column":28}}},"s":{"0":1,"5":1,"6":3,"7":3,"8":3,"9":3,"10":3,"11":3,"12":3,"14":3,"15":3,"16":3,"19":1},"branchMap":{"0":{"type":"branch","line":6,"loc":{"start":{"line":6,"column":50},"end":{"line":17,"column":8}},"locations":[{"start":{"line":6,"column":50},"end":{"line":17,"column":8}}]}},"b":{"0":[3]},"fnMap":{"0":{"name":"ErrorDisplay","decl":{"start":{"line":6,"column":50},"end":{"line":17,"column":8}},"loc":{"start":{"line":6,"column":50},"end":{"line":17,"column":8}},"line":6}},"f":{"0":3}}
,"/Users/dhd/Desktop/Practice/Test-main/task/src/components/LoadingSkeleton/LoadingSkeleton.tsx": {"path":"/Users/dhd/Desktop/Practice/Test-main/task/src/components/LoadingSkeleton/LoadingSkeleton.tsx","all":false,"statementMap":{"0":{"start":{"line":1,"column":0},"end":{"line":1,"column":48}},"6":{"start":{"line":7,"column":0},"end":{"line":7,"column":76}},"7":{"start":{"line":8,"column":0},"end":{"line":8,"column":4}},"8":{"start":{"line":9,"column":0},"end":{"line":9,"column":38}},"9":{"start":{"line":10,"column":0},"end":{"line":10,"column":9}},"10":{"start":{"line":11,"column":0},"end":{"line":11,"column":15}},"11":{"start":{"line":12,"column":0},"end":{"line":12,"column":81}},"13":{"start":{"line":14,"column":0},"end":{"line":14,"column":41}},"14":{"start":{"line":15,"column":0},"end":{"line":15,"column":41}},"15":{"start":{"line":16,"column":0},"end":{"line":16,"column":11}},"16":{"start":{"line":17,"column":0},"end":{"line":17,"column":7}},"17":{"start":{"line":18,"column":0},"end":{"line":18,"column":5}},"20":{"start":{"line":21,"column":0},"end":{"line":21,"column":31}}},"s":{"0":1,"6":1,"7":5,"8":5,"9":0,"10":0,"11":0,"13":0,"14":0,"15":0,"16":0,"17":5,"20":1},"branchMap":{"0":{"type":"branch","line":7,"loc":{"start":{"line":7,"column":56},"end":{"line":18,"column":5}},"locations":[{"start":{"line":7,"column":56},"end":{"line":18,"column":5}}]}},"b":{"0":[5]},"fnMap":{"0":{"name":"LoadingSkeleton","decl":{"start":{"line":7,"column":56},"end":{"line":18,"column":5}},"loc":{"start":{"line":7,"column":56},"end":{"line":18,"column":5}},"line":7}},"f":{"0":5}}
,"/Users/dhd/Desktop/Practice/Test-main/task/src/components/ResultHeader/ResultHeader.tsx": {"path":"/Users/dhd/Desktop/Practice/Test-main/task/src/components/ResultHeader/ResultHeader.tsx","all":false,"statementMap":{"0":{"start":{"line":1,"column":0},"end":{"line":1,"column":37}},"1":{"start":{"line":2,"column":0},"end":{"line":2,"column":48}},"8":{"start":{"line":9,"column":0},"end":{"line":9,"column":77}},"9":{"start":{"line":10,"column":0},"end":{"line":10,"column":32}},"10":{"start":{"line":11,"column":0},"end":{"line":11,"column":17}},"11":{"start":{"line":12,"column":0},"end":{"line":12,"column":75}},"12":{"start":{"line":13,"column":0},"end":{"line":13,"column":7}},"13":{"start":{"line":14,"column":0},"end":{"line":14,"column":8}},"15":{"start":{"line":16,"column":0},"end":{"line":16,"column":10}},"16":{"start":{"line":17,"column":0},"end":{"line":17,"column":139}},"17":{"start":{"line":18,"column":0},"end":{"line":18,"column":77}},"19":{"start":{"line":20,"column":0},"end":{"line":20,"column":11}},"20":{"start":{"line":21,"column":0},"end":{"line":21,"column":169}},"21":{"start":{"line":22,"column":0},"end":{"line":22,"column":20}},"22":{"start":{"line":23,"column":0},"end":{"line":23,"column":96}},"24":{"start":{"line":25,"column":0},"end":{"line":25,"column":12}},"25":{"start":{"line":26,"column":0},"end":{"line":26,"column":98}},"26":{"start":{"line":27,"column":0},"end":{"line":27,"column":23}},"27":{"start":{"line":28,"column":0},"end":{"line":28,"column":16}},"28":{"start":{"line":29,"column":0},"end":{"line":29,"column":80}},"30":{"start":{"line":31,"column":0},"end":{"line":31,"column":16}},"31":{"start":{"line":32,"column":0},"end":{"line":32,"column":13}},"33":{"start":{"line":34,"column":0},"end":{"line":34,"column":12}},"34":{"start":{"line":35,"column":0},"end":{"line":35,"column":76}},"36":{"start":{"line":37,"column":0},"end":{"line":37,"column":10}},"37":{"start":{"line":38,"column":0},"end":{"line":38,"column":66}},"39":{"start":{"line":40,"column":0},"end":{"line":40,"column":10}},"40":{"start":{"line":41,"column":0},"end":{"line":41,"column":10}},"42":{"start":{"line":43,"column":0},"end":{"line":43,"column":2}},"44":{"start":{"line":45,"column":0},"end":{"line":45,"column":28}}},"s":{"0":1,"1":1,"8":1,"9":7,"10":1,"11":1,"12":1,"13":6,"15":7,"16":7,"17":7,"19":7,"20":7,"21":7,"22":5,"24":2,"25":2,"26":2,"27":2,"28":2,"30":2,"31":2,"33":7,"34":7,"36":7,"37":7,"39":7,"40":7,"42":7,"44":1},"branchMap":{"0":{"type":"branch","line":9,"loc":{"start":{"line":9,"column":50},"end":{"line":43,"column":2}},"locations":[{"start":{"line":9,"column":50},"end":{"line":43,"column":2}}]},"1":{"type":"branch","line":10,"loc":{"start":{"line":10,"column":26},"end":{"line":13,"column":7}},"locations":[{"start":{"line":10,"column":26},"end":{"line":13,"column":7}}]},"2":{"type":"branch","line":13,"loc":{"start":{"line":13,"column":6},"end":{"line":14,"column":8}},"locations":[{"start":{"line":13,"column":6},"end":{"line":14,"column":8}}]},"3":{"type":"branch","line":22,"loc":{"start":{"line":22,"column":9},"end":{"line":23,"column":96}},"locations":[{"start":{"line":22,"column":9},"end":{"line":23,"column":96}}]},"4":{"type":"branch","line":23,"loc":{"start":{"line":23,"column":94},"end":{"line":32,"column":13}},"locations":[{"start":{"line":23,"column":94},"end":{"line":32,"column":13}}]},"5":{"type":"branch","line":12,"loc":{"start":{"line":12,"column":23},"end":{"line":12,"column":56}},"locations":[{"start":{"line":12,"column":23},"end":{"line":12,"column":56}}]}},"b":{"0":[7],"1":[1],"2":[6],"3":[5],"4":[2],"5":[2]},"fnMap":{"0":{"name":"ResultHeader","decl":{"start":{"line":9,"column":50},"end":{"line":43,"column":2}},"loc":{"start":{"line":9,"column":50},"end":{"line":43,"column":2}},"line":9}},"f":{"0":7}}
,"/Users/dhd/Desktop/Practice/Test-main/task/src/components/ResultSummary/ResultSummary.tsx": {"path":"/Users/dhd/Desktop/Practice/Test-main/task/src/components/ResultSummary/ResultSummary.tsx","all":false,"statementMap":{"0":{"start":{"line":1,"column":0},"end":{"line":1,"column":37}},"8":{"start":{"line":9,"column":0},"end":{"line":9,"column":73}},"9":{"start":{"line":10,"column":0},"end":{"line":10,"column":60}},"10":{"start":{"line":11,"column":0},"end":{"line":11,"column":68}},"11":{"start":{"line":12,"column":0},"end":{"line":12,"column":11}},"12":{"start":{"line":13,"column":0},"end":{"line":13,"column":29}},"13":{"start":{"line":14,"column":0},"end":{"line":14,"column":24}},"14":{"start":{"line":15,"column":0},"end":{"line":15,"column":4}},"15":{"start":{"line":16,"column":0},"end":{"line":16,"column":62}},"16":{"start":{"line":17,"column":0},"end":{"line":17,"column":2}},"19":{"start":{"line":20,"column":0},"end":{"line":20,"column":54}},"20":{"start":{"line":21,"column":0},"end":{"line":21,"column":10}},"21":{"start":{"line":22,"column":0},"end":{"line":22,"column":10}},"22":{"start":{"line":23,"column":0},"end":{"line":23,"column":7}},"23":{"start":{"line":24,"column":0},"end":{"line":24,"column":40}},"24":{"start":{"line":25,"column":0},"end":{"line":25,"column":75}},"26":{"start":{"line":27,"column":0},"end":{"line":27,"column":9}},"27":{"start":{"line":28,"column":0},"end":{"line":28,"column":30}},"28":{"start":{"line":29,"column":0},"end":{"line":29,"column":18}},"29":{"start":{"line":30,"column":0},"end":{"line":30,"column":50}},"31":{"start":{"line":32,"column":0},"end":{"line":32,"column":33}},"32":{"start":{"line":33,"column":0},"end":{"line":33,"column":13}},"33":{"start":{"line":34,"column":0},"end":{"line":34,"column":33}},"34":{"start":{"line":35,"column":0},"end":{"line":35,"column":89}},"35":{"start":{"line":36,"column":0},"end":{"line":36,"column":42}},"36":{"start":{"line":37,"column":0},"end":{"line":37,"column":15}},"38":{"start":{"line":39,"column":0},"end":{"line":39,"column":55}},"39":{"start":{"line":40,"column":0},"end":{"line":40,"column":64}},"40":{"start":{"line":41,"column":0},"end":{"line":41,"column":63}},"41":{"start":{"line":42,"column":0},"end":{"line":42,"column":21}},"42":{"start":{"line":43,"column":0},"end":{"line":43,"column":19}},"43":{"start":{"line":44,"column":0},"end":{"line":44,"column":76}},"45":{"start":{"line":46,"column":0},"end":{"line":46,"column":33}},"46":{"start":{"line":47,"column":0},"end":{"line":47,"column":21}},"47":{"start":{"line":48,"column":0},"end":{"line":48,"column":18}},"48":{"start":{"line":49,"column":0},"end":{"line":49,"column":57}},"49":{"start":{"line":50,"column":0},"end":{"line":50,"column":34}},"50":{"start":{"line":51,"column":0},"end":{"line":51,"column":16}},"51":{"start":{"line":52,"column":0},"end":{"line":52,"column":15}},"52":{"start":{"line":53,"column":0},"end":{"line":53,"column":10}},"54":{"start":{"line":55,"column":0},"end":{"line":55,"column":9}},"55":{"start":{"line":56,"column":0},"end":{"line":56,"column":11}},"56":{"start":{"line":57,"column":0},"end":{"line":57,"column":24}},"57":{"start":{"line":58,"column":0},"end":{"line":58,"column":211}},"58":{"start":{"line":59,"column":0},"end":{"line":59,"column":5}},"60":{"start":{"line":61,"column":0},"end":{"line":61,"column":13}},"61":{"start":{"line":62,"column":0},"end":{"line":62,"column":8}},"64":{"start":{"line":65,"column":0},"end":{"line":65,"column":29}}},"s":{"0":1,"8":1,"9":1,"10":1,"11":1,"12":1,"13":1,"14":1,"15":1,"16":1,"19":1,"20":7,"21":7,"22":7,"23":7,"24":7,"26":7,"27":7,"28":7,"29":5,"31":2,"32":2,"33":2,"34":2,"35":2,"36":2,"38":2,"39":2,"40":2,"41":2,"42":2,"43":2,"45":2,"46":2,"47":2,"48":2,"49":2,"50":2,"51":2,"52":2,"54":7,"55":7,"56":7,"57":7,"58":7,"60":7,"61":7,"64":1},"branchMap":{"0":{"type":"branch","line":20,"loc":{"start":{"line":20,"column":52},"end":{"line":62,"column":8}},"locations":[{"start":{"line":20,"column":52},"end":{"line":62,"column":8}}]},"1":{"type":"branch","line":29,"loc":{"start":{"line":29,"column":7},"end":{"line":30,"column":50}},"locations":[{"start":{"line":29,"column":7},"end":{"line":30,"column":50}}]},"2":{"type":"branch","line":30,"loc":{"start":{"line":30,"column":48},"end":{"line":53,"column":10}},"locations":[{"start":{"line":30,"column":48},"end":{"line":53,"column":10}}]},"3":{"type":"branch","line":32,"loc":{"start":{"line":32,"column":20},"end":{"line":52,"column":15}},"locations":[{"start":{"line":32,"column":20},"end":{"line":52,"column":15}}]}},"b":{"0":[7],"1":[5],"2":[2],"3":[2]},"fnMap":{"0":{"name":"ResultSummary","decl":{"start":{"line":20,"column":52},"end":{"line":62,"column":8}},"loc":{"start":{"line":20,"column":52},"end":{"line":62,"column":8}},"line":20}},"f":{"0":7}}
,"/Users/dhd/Desktop/Practice/Test-main/task/src/components/Skeleton/Skeleton.tsx": {"path":"/Users/dhd/Desktop/Practice/Test-main/task/src/components/Skeleton/Skeleton.tsx","all":false,"statementMap":{"0":{"start":{"line":1,"column":0},"end":{"line":1,"column":45}},"3":{"start":{"line":4,"column":0},"end":{"line":4,"column":45}},"4":{"start":{"line":5,"column":0},"end":{"line":5,"column":31}},"5":{"start":{"line":6,"column":0},"end":{"line":6,"column":1}},"7":{"start":{"line":8,"column":0},"end":{"line":8,"column":19}},"8":{"start":{"line":9,"column":0},"end":{"line":9,"column":12}},"9":{"start":{"line":10,"column":0},"end":{"line":10,"column":10}},"10":{"start":{"line":11,"column":0},"end":{"line":11,"column":42}},"11":{"start":{"line":12,"column":0},"end":{"line":12,"column":10}},"12":{"start":{"line":13,"column":0},"end":{"line":13,"column":8}},"13":{"start":{"line":14,"column":0},"end":{"line":14,"column":68}},"14":{"start":{"line":15,"column":0},"end":{"line":15,"column":28}},"15":{"start":{"line":16,"column":0},"end":{"line":16,"column":16}},"16":{"start":{"line":17,"column":0},"end":{"line":17,"column":6}},"18":{"start":{"line":19,"column":0},"end":{"line":19,"column":1}}},"s":{"0":1,"3":1,"4":5,"5":5,"7":5,"8":5,"9":5,"10":5,"11":5,"12":5,"13":5,"14":5,"15":5,"16":5,"18":5},"branchMap":{"0":{"type":"branch","line":4,"loc":{"start":{"line":4,"column":7},"end":{"line":6,"column":1}},"locations":[{"start":{"line":4,"column":7},"end":{"line":6,"column":1}}]},"1":{"type":"branch","line":8,"loc":{"start":{"line":8,"column":0},"end":{"line":19,"column":1}},"locations":[{"start":{"line":8,"column":0},"end":{"line":19,"column":1}}]}},"b":{"0":[5],"1":[5]},"fnMap":{"0":{"name":"cn","decl":{"start":{"line":4,"column":7},"end":{"line":6,"column":1}},"loc":{"start":{"line":4,"column":7},"end":{"line":6,"column":1}},"line":4},"1":{"name":"Skeleton","decl":{"start":{"line":8,"column":0},"end":{"line":19,"column":1}},"loc":{"start":{"line":8,"column":0},"end":{"line":19,"column":1}},"line":8}},"f":{"0":5,"1":5}}
}
